\BOOKMARK [1][-]{section.1}{1 Introduction}{}% 1
\BOOKMARK [2][-]{subsection.1.1}{1.1 Employer pensions: Shift from defined benefit to defined contribution retirement plans \(Clark2002\).}{section.1}% 2
\BOOKMARK [2][-]{subsection.1.2}{1.2 Increased life expectancy.}{section.1}% 3
\BOOKMARK [2][-]{subsection.1.3}{1.3 Social Security reforms. Increasing full retirement age and elimination of mandatory retirement \(Clark2002\).}{section.1}% 4
\BOOKMARK [2][-]{subsection.1.4}{1.4 Increasing medical expenditures.}{section.1}% 5
\BOOKMARK [2][-]{subsection.1.5}{1.5 High college premium.}{section.1}% 6
\BOOKMARK [2][-]{subsection.1.6}{1.6 Decrease in the employer provided health care insurance.}{section.1}% 7
\BOOKMARK [1][-]{section.2}{2 Facts}{}% 8
\BOOKMARK [1][-]{section.3}{3 Literature Review}{}% 9
\BOOKMARK [1][-]{section.4}{4 Model}{}% 10
\BOOKMARK [2][-]{subsection.4.1}{4.1 Demography}{section.4}% 11
\BOOKMARK [2][-]{subsection.4.2}{4.2 Health status}{section.4}% 12
\BOOKMARK [2][-]{subsection.4.3}{4.3 Utility}{section.4}% 13
\BOOKMARK [2][-]{subsection.4.4}{4.4 Wages}{section.4}% 14
\BOOKMARK [2][-]{subsection.4.5}{4.5 Earnings and productivity}{section.4}% 15
\BOOKMARK [2][-]{subsection.4.6}{4.6 Medical expenditures}{section.4}% 16
\BOOKMARK [2][-]{subsection.4.7}{4.7 Agent's budget constraint}{section.4}% 17
\BOOKMARK [2][-]{subsection.4.8}{4.8 Benefits}{section.4}% 18
\BOOKMARK [3][-]{subsubsection.4.8.1}{4.8.1 Consumption floor}{subsection.4.8}% 19
\BOOKMARK [3][-]{subsubsection.4.8.2}{4.8.2 Social Security}{subsection.4.8}% 20
\BOOKMARK [3][-]{subsubsection.4.8.3}{4.8.3 Pension Benefits}{subsection.4.8}% 21
\BOOKMARK [2][-]{subsection.4.9}{4.9 Modelling behavioral changes: exogenous data}{section.4}% 22
\BOOKMARK [2][-]{subsection.4.10}{4.10 Dynamic programming problem}{section.4}% 23
\BOOKMARK [1][-]{section.5}{5 Calibration and Estimation}{}% 24
\BOOKMARK [2][-]{subsection.5.1}{5.1 General approach}{section.5}% 25
\BOOKMARK [2][-]{subsection.5.2}{5.2 Details of Estimation Procedure}{section.5}% 26
\BOOKMARK [2][-]{subsection.5.3}{5.3 Data}{section.5}% 27
\BOOKMARK [1][-]{section.6}{6 Appendix A. Notation.}{}% 28
